{"level":"info","message":"Starting Nest application..."}
{"level":"info","message":"PassportModule dependencies initialized"}
{"level":"info","message":"PrismaModule dependencies initialized"}
{"level":"info","message":"LoggerModule dependencies initialized"}
{"level":"info","message":"JwtModule dependencies initialized"}
{"level":"info","message":"JwtModule dependencies initialized"}
{"level":"info","message":"NotificationModule dependencies initialized"}
{"level":"info","message":"ConfigHostModule dependencies initialized"}
{"level":"info","message":"AppModule dependencies initialized"}
{"level":"info","message":"DiscoveryModule dependencies initialized"}
{"level":"info","message":"ConfigModule dependencies initialized"}
{"level":"info","message":"EmailModule dependencies initialized"}
{"level":"info","message":"PositionTagModule dependencies initialized"}
{"level":"info","message":"MethodModule dependencies initialized"}
{"level":"info","message":"SkillTagModule dependencies initialized"}
{"level":"info","message":"ScheduleModule dependencies initialized"}
{"level":"info","message":"ApplicantModule dependencies initialized"}
{"level":"info","message":"UploadModule dependencies initialized"}
{"level":"info","message":"AuthenticodeModule dependencies initialized"}
{"level":"info","message":"ProjectModule dependencies initialized"}
{"level":"info","message":"UserModule dependencies initialized"}
{"level":"info","message":"AuthModule dependencies initialized"}
{"level":"info","message":"AppController {/}:"}
{"level":"info","message":"Mapped {/, GET} route"}
{"level":"info","message":"AuthController {/auth}:"}
{"level":"info","message":"Mapped {/auth/sign-up, POST} route"}
{"level":"info","message":"Mapped {/auth/login, POST} route"}
{"level":"info","message":"Mapped {/auth/password/reset, POST} route"}
{"level":"info","message":"Mapped {/auth/logout, POST} route"}
{"level":"info","message":"Mapped {/auth/refresh, POST} route"}
{"level":"info","message":"AuthenticodeController {/authenticode}:"}
{"level":"info","message":"Mapped {/authenticode/send, POST} route"}
{"level":"info","message":"Mapped {/authenticode/verify, POST} route"}
{"level":"info","message":"ApplicantController {/applicant}:"}
{"level":"info","message":"Mapped {/applicant/send-emails/accepted, POST} route"}
{"level":"info","message":"Mapped {/applicant/send-emails/rejected, POST} route"}
{"level":"info","message":"UploadController {/upload}:"}
{"level":"info","message":"ProjectController {/project}:"}
{"level":"info","message":"Mapped {/project, GET} route"}
{"level":"info","message":"Mapped {/project/count, GET} route"}
{"level":"info","message":"Mapped {/project/my, GET} route"}
{"level":"info","message":"Mapped {/project/:id, GET} route"}
{"level":"info","message":"Mapped {/project, POST} route"}
{"level":"info","message":"Mapped {/project/:id, PUT} route"}
{"level":"info","message":"Mapped {/project/:id/is-done, PATCH} route"}
{"level":"info","message":"Mapped {/project/:id/applicant, POST} route"}
{"level":"info","message":"Mapped {/project/:id/applicant, GET} route"}
{"level":"info","message":"Mapped {/project/:id/applicant/summary, GET} route"}
{"level":"info","message":"Mapped {/project/:projectId/applicant/:applicantId/status, PATCH} route"}
{"level":"info","message":"PositionTagController {/position-tag}:"}
{"level":"info","message":"Mapped {/position-tag, GET} route"}
{"level":"info","message":"MethodController {/method}:"}
{"level":"info","message":"Mapped {/method, GET} route"}
{"level":"info","message":"SkillTagController {/skill-tag}:"}
{"level":"info","message":"Mapped {/skill-tag, GET} route"}
{"level":"info","message":"UserController {/user}:"}
{"level":"info","message":"Mapped {/user/nickname-check, POST} route"}
{"level":"info","message":"Mapped {/user/me/profile-img, PATCH} route"}
{"level":"info","message":"Mapped {/user/me/applications, GET} route"}
{"level":"info","message":"Mapped {/user/me, GET} route"}
{"level":"info","message":"Mapped {/user/:id, GET} route"}
{"level":"info","message":"NotificationController {/notification}:"}
{"level":"info","message":"Nest application successfully started"}
